<?xml version="1.0" encoding="UTF-8"?>
<testsuite xmlns:xsi="http://www.w3.org/2001/XMLSchema-instance" xsi:noNamespaceSchemaLocation="https://maven.apache.org/surefire/maven-surefire-plugin/xsd/surefire-test-report.xsd" name="function.CalculatorTest" time="0.366" tests="2" errors="0" skipped="0" failures="0">
  <properties>
    <property name="java.specification.version" value="13"/>
    <property name="clover.distributed.coverage" value="ON"/>
    <property name="sun.jnu.encoding" value="UTF-8"/>
    <property name="java.class.path" value="/Users/yutarokashiwa/.m2/repository/org/apache/maven/surefire/surefire-booter/2.22.1/surefire-booter-2.22.1.jar:/Users/yutarokashiwa/.m2/repository/org/apache/maven/surefire/surefire-api/2.22.1/surefire-api-2.22.1.jar:/Users/yutarokashiwa/.m2/repository/org/apache/maven/surefire/surefire-logger-api/2.22.1/surefire-logger-api-2.22.1.jar:/Users/yutarokashiwa/Documents/200_Development/210_Git/TestEffortEstimationTutorial/Core/target/test-classes:/Users/yutarokashiwa/Documents/200_Development/210_Git/TestEffortEstimationTutorial/Core/target/classes:/Users/yutarokashiwa/.m2/repository/junit/junit/4.11/junit-4.11.jar:/Users/yutarokashiwa/.m2/repository/org/hamcrest/hamcrest-core/1.3/hamcrest-core-1.3.jar:/Users/yutarokashiwa/.m2/repository/org/openclover/clover/4.2.0/clover-4.2.0.jar:/var/folders/rj/g3hh6nvj1w58mv16js__mgkc0000gn/T/grover443813175791853321.jar:/Users/yutarokashiwa/.m2/repository/org/apache/maven/surefire/surefire-junit4/2.22.1/surefire-junit4-2.22.1.jar"/>
    <property name="java.vm.vendor" value="AdoptOpenJDK"/>
    <property name="sun.arch.data.model" value="64"/>
    <property name="java.vendor.url" value="https://adoptopenjdk.net/"/>
    <property name="os.name" value="Mac OS X"/>
    <property name="java.vm.specification.version" value="13"/>
    <property name="sun.java.launcher" value="SUN_STANDARD"/>
    <property name="user.country" value="JP"/>
    <property name="sun.boot.library.path" value="/Library/Java/JavaVirtualMachines/adoptopenjdk-13.jdk/Contents/Home/lib"/>
    <property name="sun.java.command" value="org.apache.maven.surefire.booter.ForkedBooter /Users/yutarokashiwa/Documents/200_Development/210_Git/TestEffortEstimationTutorial/Core/target/surefire 2021-11-29T14-22-42_864-jvmRun1 surefire6962540924792014879tmp surefire_08546620742068913576tmp"/>
    <property name="http.nonProxyHosts" value="local|*.local|169.254/16|*.169.254/16"/>
    <property name="jdk.debug" value="release"/>
    <property name="surefire.test.class.path" value="/Users/yutarokashiwa/Documents/200_Development/210_Git/TestEffortEstimationTutorial/Core/target/test-classes:/Users/yutarokashiwa/Documents/200_Development/210_Git/TestEffortEstimationTutorial/Core/target/classes:/Users/yutarokashiwa/.m2/repository/junit/junit/4.11/junit-4.11.jar:/Users/yutarokashiwa/.m2/repository/org/hamcrest/hamcrest-core/1.3/hamcrest-core-1.3.jar:/Users/yutarokashiwa/.m2/repository/org/openclover/clover/4.2.0/clover-4.2.0.jar:/var/folders/rj/g3hh6nvj1w58mv16js__mgkc0000gn/T/grover443813175791853321.jar:"/>
    <property name="sun.cpu.endian" value="little"/>
    <property name="user.home" value="/Users/yutarokashiwa"/>
    <property name="user.language" value="en"/>
    <property name="java.specification.vendor" value="Oracle Corporation"/>
    <property name="java.version.date" value="2020-01-14"/>
    <property name="java.home" value="/Library/Java/JavaVirtualMachines/adoptopenjdk-13.jdk/Contents/Home"/>
    <property name="file.separator" value="/"/>
    <property name="basedir" value="/Users/yutarokashiwa/Documents/200_Development/210_Git/TestEffortEstimationTutorial/Core"/>
    <property name="java.vm.compressedOopsMode" value="Zero based"/>
    <property name="line.separator" value="&#10;"/>
    <property name="java.specification.name" value="Java Platform API Specification"/>
    <property name="java.vm.specification.vendor" value="Oracle Corporation"/>
    <property name="sun.management.compiler" value="HotSpot 64-Bit Tiered Compilers"/>
    <property name="ftp.nonProxyHosts" value="local|*.local|169.254/16|*.169.254/16"/>
    <property name="java.runtime.version" value="13.0.2+8"/>
    <property name="user.name" value="yutarokashiwa"/>
    <property name="path.separator" value=":"/>
    <property name="os.version" value="10.16"/>
    <property name="java.runtime.name" value="OpenJDK Runtime Environment"/>
    <property name="clover.server" value="true"/>
    <property name="file.encoding" value="UTF-8"/>
    <property name="java.vm.name" value="OpenJDK 64-Bit Server VM"/>
    <property name="java.vendor.version" value="AdoptOpenJDK"/>
    <property name="localRepository" value="/Users/yutarokashiwa/.m2/repository"/>
    <property name="java.vendor.url.bug" value="https://github.com/AdoptOpenJDK/openjdk-support/issues"/>
    <property name="java.io.tmpdir" value="/var/folders/rj/g3hh6nvj1w58mv16js__mgkc0000gn/T/"/>
    <property name="java.version" value="13.0.2"/>
    <property name="user.dir" value="/Users/yutarokashiwa/Documents/200_Development/210_Git/TestEffortEstimationTutorial/Core"/>
    <property name="os.arch" value="x86_64"/>
    <property name="java.vm.specification.name" value="Java Virtual Machine Specification"/>
    <property name="java.library.path" value="/Users/yutarokashiwa/Library/Java/Extensions:/Library/Java/Extensions:/Network/Library/Java/Extensions:/System/Library/Java/Extensions:/usr/lib/java:."/>
    <property name="java.vm.info" value="mixed mode, sharing"/>
    <property name="java.vendor" value="AdoptOpenJDK"/>
    <property name="java.vm.version" value="13.0.2+8"/>
    <property name="sun.io.unicode.encoding" value="UnicodeBig"/>
    <property name="socksNonProxyHosts" value="local|*.local|169.254/16|*.169.254/16"/>
    <property name="java.class.version" value="57.0"/>
  </properties>
  <testcase name="testDivided_N001" classname="function.CalculatorTest" time="0.331"/>
  <testcase name="testDivided_N002" classname="function.CalculatorTest" time="0"/>
</testsuite>